SF:lib/src/config/dio_flow_config.dart
DA:22,2
DA:47,2
DA:53,2
DA:71,1
DA:73,1
DA:84,1
LF:6
LH:6
end_of_record
SF:lib/src/base/api_client.dart
DA:26,0
DA:27,0
DA:52,0
DA:54,0
DA:56,0
DA:57,0
DA:72,0
DA:73,0
DA:87,0
DA:89,0
DA:94,0
DA:96,0
DA:97,0
DA:98,0
DA:99,0
DA:100,0
DA:101,0
DA:102,0
DA:106,0
DA:111,0
DA:114,0
DA:116,0
DA:121,0
DA:123,0
DA:125,0
DA:129,0
DA:132,0
DA:144,0
DA:145,0
LF:29
LH:0
end_of_record
SF:lib/src/base/api_endpoint_interface.dart
DA:24,1
DA:25,1
DA:37,1
LF:3
LH:3
end_of_record
SF:lib/src/base/endpoint_provider.dart
DA:10,2
DA:13,6
DA:16,4
DA:29,1
DA:30,1
DA:31,3
DA:32,1
DA:33,2
DA:35,1
DA:49,1
DA:50,2
DA:51,1
DA:66,2
DA:67,4
DA:69,4
DA:77,1
DA:78,2
LF:17
LH:17
end_of_record
SF:lib/src/handlers/dio_request_handler.dart
DA:21,0
DA:26,0
DA:48,1
DA:58,1
DA:59,1
DA:63,0
DA:64,0
DA:66,0
DA:70,0
DA:71,0
DA:72,0
DA:75,0
DA:81,0
DA:87,0
DA:91,0
DA:92,0
DA:93,0
DA:95,0
DA:96,0
DA:104,0
DA:107,0
DA:108,0
DA:109,0
DA:117,0
DA:118,0
DA:126,0
DA:127,0
DA:135,0
DA:136,0
DA:143,0
DA:144,0
DA:152,0
DA:157,0
DA:158,0
DA:159,0
DA:161,0
DA:162,0
DA:165,0
DA:169,0
DA:171,0
DA:173,0
DA:176,0
DA:180,0
DA:181,0
DA:182,0
DA:186,0
DA:189,0
DA:190,0
DA:191,0
DA:199,0
DA:200,0
DA:201,0
DA:205,0
DA:206,0
DA:211,0
DA:212,0
DA:213,0
DA:215,0
DA:217,0
DA:222,0
DA:223,0
DA:225,0
DA:227,0
DA:230,0
DA:234,0
DA:237,0
DA:238,0
DA:240,0
DA:241,0
DA:243,0
DA:249,0
DA:253,0
DA:255,0
DA:261,0
DA:263,0
DA:283,1
DA:289,1
DA:309,1
DA:315,1
DA:335,0
DA:341,0
DA:360,0
DA:367,0
DA:385,0
DA:392,0
DA:407,0
DA:410,0
DA:417,0
DA:418,0
DA:419,0
DA:438,1
DA:444,1
DA:445,0
DA:446,1
DA:448,2
DA:453,0
DA:457,1
DA:461,0
DA:463,0
DA:470,1
DA:473,1
LF:101
LH:14
end_of_record
SF:lib/src/handlers/graphql_handler.dart
DA:14,0
DA:44,1
DA:51,1
DA:89,0
DA:98,0
DA:121,0
DA:130,0
DA:148,0
DA:155,0
DA:157,0
DA:165,1
DA:172,1
DA:174,0
DA:175,0
DA:178,1
DA:185,1
DA:186,1
DA:187,1
DA:189,0
DA:193,0
DA:199,1
DA:200,1
DA:204,0
DA:207,0
DA:209,0
DA:210,0
DA:213,0
DA:215,0
DA:217,0
DA:223,1
DA:225,1
DA:226,1
DA:247,1
DA:250,1
DA:251,2
DA:253,3
DA:254,2
DA:257,3
DA:258,2
DA:270,2
DA:271,4
DA:275,1
DA:276,2
DA:280,1
DA:281,2
DA:285,2
DA:286,4
DA:291,2
DA:292,2
DA:293,4
DA:294,12
DA:295,6
DA:296,4
DA:302,2
DA:304,4
DA:305,2
DA:306,4
DA:308,6
DA:313,2
DA:314,4
LF:60
LH:41
end_of_record
SF:lib/src/handlers/file_handler.dart
DA:22,0
DA:23,0
DA:25,0
DA:26,0
DA:35,0
DA:59,0
DA:71,0
DA:72,0
DA:73,0
DA:77,0
DA:78,0
DA:82,0
DA:83,0
DA:89,0
DA:95,0
DA:97,0
DA:116,0
DA:126,0
DA:129,0
DA:130,0
DA:131,0
DA:132,0
DA:134,0
DA:139,0
DA:140,0
DA:144,0
DA:150,0
DA:152,0
DA:173,0
DA:186,0
DA:189,0
DA:190,0
DA:194,0
DA:195,0
DA:199,0
DA:205,0
DA:207,0
DA:234,0
DA:245,0
DA:247,0
DA:253,0
DA:255,0
DA:256,0
DA:258,0
DA:259,0
DA:261,0
DA:263,0
DA:265,0
DA:271,0
DA:273,0
DA:291,0
DA:301,0
DA:303,0
DA:309,0
DA:310,0
DA:311,0
DA:312,0
DA:313,0
DA:315,0
DA:317,0
DA:323,0
DA:325,0
DA:345,0
DA:355,0
DA:363,0
DA:365,0
LF:66
LH:0
end_of_record
SF:lib/src/models/response/failed_response_model.dart
DA:19,4
DA:47,0
DA:49,0
DA:53,0
DA:56,0
DA:59,0
DA:62,0
DA:64,0
DA:84,0
DA:86,0
DA:87,0
DA:88,0
DA:89,0
DA:90,0
DA:91,0
DA:92,0
DA:93,0
DA:94,0
DA:95,0
DA:96,0
DA:98,0
DA:99,0
DA:100,0
DA:101,0
DA:102,0
DA:103,0
DA:104,0
DA:120,0
DA:121,0
DA:122,0
DA:123,0
DA:124,0
DA:136,1
DA:138,1
DA:139,2
DA:143,0
DA:144,0
DA:146,0
DA:148,0
DA:150,0
DA:152,0
DA:158,0
DA:160,0
DA:174,1
DA:175,1
DA:177,3
DA:178,4
DA:179,3
DA:181,1
DA:182,3
DA:185,3
DA:187,1
DA:188,3
DA:191,1
LF:54
LH:15
end_of_record
SF:lib/src/models/response/success_response_model.dart
DA:17,4
DA:45,0
DA:47,0
DA:51,0
DA:54,0
DA:57,0
DA:60,0
DA:63,0
DA:65,0
DA:87,0
DA:89,0
DA:90,0
DA:91,0
DA:92,0
DA:93,0
DA:94,0
DA:95,0
DA:96,0
DA:97,0
DA:98,0
DA:99,0
DA:100,0
DA:104,0
DA:105,0
DA:106,0
DA:107,0
DA:108,0
DA:109,0
DA:110,0
DA:111,0
DA:112,0
DA:113,0
DA:117,0
DA:129,0
DA:130,0
DA:131,0
DA:132,0
DA:133,0
DA:134,0
DA:135,0
DA:149,0
DA:150,0
DA:151,0
DA:152,0
DA:153,0
DA:154,0
DA:166,0
DA:167,0
DA:168,0
DA:169,0
DA:170,0
DA:171,0
DA:172,0
LF:53
LH:1
end_of_record
SF:lib/src/models/response/response_model.dart
DA:82,4
DA:110,0
DA:116,0
DA:120,0
DA:122,0
DA:129,0
DA:130,0
DA:131,0
DA:134,0
DA:135,0
DA:139,0
DA:140,0
DA:142,0
DA:158,0
DA:163,0
DA:185,0
DA:193,0
DA:207,2
DA:210,2
LF:19
LH:3
end_of_record
SF:lib/src/models/response/error_type.dart
DA:49,3
DA:51,3
DA:53,3
DA:55,3
DA:57,3
DA:59,2
DA:61,2
DA:63,1
DA:66,2
DA:83,0
DA:85,0
DA:87,0
DA:88,0
DA:89,0
DA:91,0
DA:93,0
DA:107,1
DA:109,1
DA:111,1
DA:113,1
DA:115,1
DA:117,1
DA:119,1
DA:121,1
DA:123,1
DA:125,1
DA:127,1
DA:129,1
LF:28
LH:21
end_of_record
SF:lib/src/models/response/meta_model.dart
DA:13,2
DA:24,2
DA:25,1
DA:26,1
DA:27,1
DA:29,1
DA:30,1
DA:31,0
DA:32,0
DA:34,1
DA:35,1
DA:36,1
DA:37,1
DA:40,0
DA:41,0
DA:42,0
DA:43,0
DA:45,0
DA:46,0
DA:47,0
DA:48,0
DA:49,0
LF:22
LH:11
end_of_record
SF:lib/src/models/response/link_model.dart
DA:23,0
DA:32,0
DA:33,0
DA:34,0
DA:35,0
DA:42,0
DA:43,0
DA:44,0
DA:45,0
LF:9
LH:0
end_of_record
SF:lib/src/models/response/links_model.dart
DA:7,1
DA:9,0
DA:10,0
DA:11,0
DA:12,0
DA:13,0
DA:16,0
DA:17,0
DA:18,0
DA:19,0
DA:20,0
LF:11
LH:1
end_of_record
SF:lib/src/models/response/refresh_token_response.dart
DA:6,1
LF:1
LH:1
end_of_record
SF:lib/src/models/request_options_model.dart
DA:63,42
DA:82,1
DA:99,1
DA:100,0
DA:101,1
DA:102,1
DA:103,1
DA:104,0
DA:105,1
DA:106,1
DA:107,1
DA:109,1
DA:110,1
DA:111,1
DA:112,1
DA:113,1
DA:114,1
DA:115,1
DA:126,1
DA:127,1
DA:129,1
DA:130,1
DA:131,1
DA:132,1
DA:133,1
DA:134,1
DA:135,1
DA:136,1
DA:137,1
DA:138,2
DA:139,2
DA:140,2
DA:174,1
DA:175,1
DA:177,1
DA:178,1
DA:179,1
DA:180,1
DA:181,1
DA:182,1
DA:183,1
DA:184,1
DA:186,1
DA:187,1
DA:189,1
LF:45
LH:43
end_of_record
SF:lib/src/models/retry_options.dart
DA:26,10
DA:35,0
DA:42,0
DA:43,0
DA:44,0
DA:45,0
DA:46,0
DA:47,0
LF:8
LH:1
end_of_record
SF:lib/src/models/api_exception.dart
DA:6,1
DA:8,1
DA:9,3
LF:3
LH:3
end_of_record
SF:lib/src/utils/token_manager.dart
DA:22,0
DA:23,0
DA:25,0
DA:28,0
DA:32,0
DA:34,0
DA:39,0
DA:40,0
DA:42,0
DA:44,0
DA:48,0
DA:51,0
DA:56,0
DA:63,0
DA:64,0
DA:72,0
DA:76,0
DA:77,0
DA:80,0
DA:82,0
DA:86,0
DA:92,0
DA:95,0
DA:97,0
DA:99,0
DA:100,0
DA:103,0
DA:104,0
DA:105,0
DA:106,0
DA:109,0
DA:111,0
DA:112,0
DA:120,0
DA:126,0
DA:131,0
DA:132,0
DA:133,0
DA:134,0
DA:142,0
DA:144,0
DA:149,0
DA:150,0
DA:151,0
DA:152,0
LF:45
LH:0
end_of_record
SF:lib/src/utils/network_checker.dart
DA:19,0
DA:22,0
DA:28,0
DA:30,0
DA:31,0
DA:40,0
DA:41,0
DA:43,0
DA:45,0
DA:46,0
DA:61,0
DA:63,0
DA:64,0
LF:13
LH:0
end_of_record
SF:lib/src/utils/http_methods.dart
DA:8,0
DA:38,0
DA:39,0
DA:40,0
DA:41,0
DA:42,0
DA:43,0
DA:44,0
DA:45,0
DA:46,0
LF:10
LH:0
end_of_record
SF:lib/src/utils/pagination_utils.dart
DA:10,0
DA:31,0
DA:41,0
DA:44,0
DA:45,0
DA:49,0
DA:52,0
DA:55,0
DA:61,0
DA:68,0
DA:69,0
DA:70,0
DA:73,0
DA:77,0
DA:80,0
DA:81,0
DA:83,0
DA:84,0
DA:85,0
DA:90,0
DA:92,0
DA:95,0
DA:96,0
DA:99,0
DA:105,0
DA:107,0
DA:109,0
DA:110,0
DA:111,0
DA:118,0
DA:119,0
DA:120,0
DA:122,0
DA:126,0
DA:132,0
DA:137,0
DA:143,0
DA:145,0
DA:146,0
DA:147,0
DA:157,1
DA:158,1
DA:163,1
DA:164,1
DA:165,3
DA:171,1
DA:172,1
DA:175,2
DA:176,3
DA:180,1
DA:181,1
DA:182,1
DA:184,5
DA:185,2
DA:190,2
LF:55
LH:15
end_of_record
SF:lib/src/utils/pagination_helper.dart
DA:8,0
DA:35,0
DA:47,0
DA:54,0
DA:55,0
DA:58,0
DA:59,0
DA:61,0
DA:62,0
DA:63,0
DA:65,0
DA:69,0
DA:70,0
DA:73,0
DA:77,0
DA:81,0
DA:101,0
DA:114,0
DA:115,0
DA:116,0
DA:117,0
DA:119,0
DA:120,0
DA:124,0
DA:128,0
DA:132,0
DA:133,0
DA:135,0
DA:140,0
DA:144,0
DA:145,0
DA:147,0
DA:151,0
DA:170,0
DA:173,0
DA:176,0
DA:179,0
DA:181,0
DA:191,0
DA:199,0
DA:205,0
DA:212,0
DA:219,0
DA:226,0
DA:235,0
DA:240,0
DA:241,0
DA:242,0
DA:243,0
DA:244,0
DA:245,0
DA:260,0
DA:263,0
DA:266,0
LF:54
LH:0
end_of_record
SF:lib/src/utils/json_utils.dart
DA:9,0
DA:23,1
DA:24,1
DA:25,1
DA:29,1
DA:30,1
DA:32,0
DA:34,0
DA:54,1
DA:62,1
DA:64,1
DA:83,1
DA:88,1
DA:91,2
DA:92,1
DA:93,1
DA:94,1
DA:103,1
DA:120,1
DA:124,1
DA:126,2
DA:129,1
DA:133,1
DA:134,2
DA:140,1
DA:141,1
DA:142,2
DA:143,1
DA:144,1
DA:150,1
DA:154,1
LF:31
LH:28
end_of_record
SF:lib/src/utils/model_extensions.dart
DA:11,0
DA:12,0
DA:14,0
DA:15,0
DA:25,0
DA:26,0
DA:28,0
DA:31,0
DA:32,0
DA:33,0
DA:34,0
DA:37,0
DA:47,0
DA:49,0
DA:61,0
DA:66,0
DA:69,0
DA:72,0
DA:73,0
DA:74,0
DA:95,0
DA:97,0
DA:98,0
DA:100,0
DA:101,0
DA:115,0
DA:116,0
DA:120,0
DA:132,0
DA:134,0
DA:135,0
DA:137,0
DA:138,0
DA:139,0
DA:141,0
DA:143,0
DA:156,0
DA:157,0
DA:158,0
DA:159,0
DA:168,0
DA:169,0
DA:171,0
DA:172,0
LF:44
LH:0
end_of_record
SF:lib/src/utils/mock_dio_flow.dart
DA:11,6
DA:12,6
DA:18,2
DA:23,2
DA:25,2
DA:29,2
DA:45,2
DA:50,2
DA:51,4
DA:63,1
DA:68,1
DA:69,3
DA:75,2
DA:76,2
DA:79,4
DA:80,3
DA:81,3
DA:85,4
DA:89,2
DA:90,4
DA:91,4
DA:95,1
DA:96,1
DA:97,2
DA:98,2
DA:102,2
DA:103,4
DA:107,2
DA:108,2
DA:109,2
DA:110,2
DA:111,2
DA:112,2
DA:116,2
DA:117,2
DA:118,2
DA:119,2
DA:121,2
DA:147,2
DA:163,2
DA:169,2
DA:186,2
DA:193,2
DA:198,2
DA:204,1
DA:208,1
DA:217,1
DA:221,1
DA:230,2
DA:231,2
DA:232,2
LF:51
LH:51
end_of_record
SF:lib/src/interceptors/cache_interceptor.dart
DA:24,0
DA:38,0
DA:43,0
DA:44,0
DA:48,0
DA:49,0
DA:53,0
DA:55,0
DA:56,0
DA:59,0
DA:60,0
DA:61,0
DA:64,0
DA:65,0
DA:67,0
DA:69,0
DA:70,0
DA:71,0
DA:72,0
DA:74,0
DA:80,0
DA:83,0
DA:86,0
DA:97,0
DA:99,0
DA:100,0
DA:101,0
DA:102,0
DA:103,0
DA:104,0
DA:106,0
DA:108,0
DA:121,0
DA:123,0
DA:124,0
DA:125,0
DA:126,0
DA:127,0
DA:128,0
DA:130,0
DA:131,0
DA:133,0
DA:136,0
DA:146,0
DA:147,0
DA:148,0
DA:149,0
LF:47
LH:0
end_of_record
SF:lib/src/interceptors/connectivity_interceptor.dart
DA:23,0
DA:29,0
DA:30,0
DA:31,0
DA:32,0
DA:40,0
LF:6
LH:0
end_of_record
SF:lib/src/interceptors/dio_interceptor.dart
DA:18,0
DA:19,0
DA:20,0
DA:21,0
DA:22,0
DA:23,0
DA:24,0
DA:25,0
DA:41,0
DA:48,0
DA:54,0
DA:55,0
DA:57,0
DA:62,0
DA:63,0
DA:64,0
DA:65,0
DA:66,0
DA:67,0
DA:70,0
DA:71,0
DA:75,0
DA:76,0
DA:80,0
DA:81,0
DA:82,0
DA:85,0
DA:86,0
DA:87,0
DA:108,0
DA:111,0
DA:124,0
DA:127,0
DA:128,0
DA:133,0
DA:134,0
DA:135,0
DA:136,0
DA:137,0
DA:140,0
DA:144,0
LF:41
LH:0
end_of_record
SF:lib/src/interceptors/metrics_interceptor.dart
DA:17,0
DA:19,0
DA:20,0
DA:31,0
DA:33,0
DA:34,0
DA:46,0
DA:48,0
DA:49,0
DA:60,0
DA:61,0
DA:62,0
DA:64,0
DA:65,0
DA:66,0
DA:68,0
DA:69,0
DA:70,0
DA:72,0
DA:73,0
DA:74,0
DA:77,0
LF:22
LH:0
end_of_record
SF:lib/src/interceptors/rate_limit_interceptor.dart
DA:24,0
DA:44,0
DA:49,0
DA:52,0
DA:53,0
DA:54,0
DA:57,0
DA:58,0
DA:59,0
DA:61,0
DA:62,0
DA:65,0
DA:71,0
DA:72,0
LF:14
LH:0
end_of_record
SF:lib/src/interceptors/retry_interceptor.dart
DA:23,0
DA:41,0
DA:46,0
DA:47,0
DA:49,0
DA:51,0
DA:52,0
DA:54,0
DA:57,0
DA:58,0
DA:61,0
DA:62,0
DA:63,0
DA:64,0
DA:68,0
DA:84,0
DA:85,0
DA:86,0
DA:87,0
DA:88,0
DA:89,0
DA:90,0
DA:106,0
DA:107,0
DA:108,0
DA:109,0
DA:110,0
DA:111,0
DA:112,0
DA:113,0
DA:116,0
DA:117,0
DA:118,0
DA:119,0
LF:34
LH:0
end_of_record
SF:lib/src/utils/request_metrics.dart
DA:12,0
DA:25,0
DA:27,0
DA:28,0
DA:29,0
DA:30,0
DA:34,0
DA:36,0
DA:37,0
DA:38,0
DA:44,0
DA:46,0
DA:47,0
DA:48,0
DA:50,0
DA:53,0
DA:54,0
DA:56,0
DA:57,0
DA:58,0
DA:61,0
DA:62,0
DA:63,0
DA:71,0
LF:24
LH:0
end_of_record
